d:\develop\projects\c\bsdiff\x64\debug\bsdiff.lib
d:\develop\projects\c\bsdiff\x64\debug\bsdiff.exp
d:\develop\projects\c\bsdiff\bsdiff\x64\debug\vc120.pdb
d:\develop\projects\c\bsdiff\bsdiff\x64\debug\vc120.idb
d:\develop\projects\c\bsdiff\bsdiff\x64\debug\blocksort.obj
d:\develop\projects\c\bsdiff\bsdiff\x64\debug\bzlib.obj
d:\develop\projects\c\bsdiff\bsdiff\x64\debug\compress.obj
d:\develop\projects\c\bsdiff\bsdiff\x64\debug\crctable.obj
d:\develop\projects\c\bsdiff\bsdiff\x64\debug\decompress.obj
d:\develop\projects\c\bsdiff\bsdiff\x64\debug\huffman.obj
d:\develop\projects\c\bsdiff\bsdiff\x64\debug\randtable.obj
d:\develop\projects\c\bsdiff\bsdiff\x64\debug\bsdiff.obj
d:\develop\projects\c\bsdiff\x64\debug\bsdiff.ilk
d:\develop\projects\c\bsdiff\x64\debug\bsdiff.dll
d:\develop\projects\c\bsdiff\x64\debug\bsdiff.pdb
d:\develop\projects\c\bsdiff\bsdiff\x64\debug\bsdiff.tlog\bsdiff.write.1u.tlog
d:\develop\projects\c\bsdiff\bsdiff\x64\debug\bsdiff.tlog\cl.command.1.tlog
d:\develop\projects\c\bsdiff\bsdiff\x64\debug\bsdiff.tlog\cl.read.1.tlog
d:\develop\projects\c\bsdiff\bsdiff\x64\debug\bsdiff.tlog\cl.write.1.tlog
d:\develop\projects\c\bsdiff\bsdiff\x64\debug\bsdiff.tlog\link.command.1.tlog
d:\develop\projects\c\bsdiff\bsdiff\x64\debug\bsdiff.tlog\link.read.1.tlog
d:\develop\projects\c\bsdiff\bsdiff\x64\debug\bsdiff.tlog\link.write.1.tlog
